<?xml version="1.0" encoding="UTF-8"?>
<!-- Generated by org.testng.reporters.JUnitReportReporter -->
<testsuite hostname="DESKTOP-BSOHSUS" failures="0" tests="1" name="PopularPageTest" time="16.262" errors="0" timestamp="2024-11-12T14:15:04 IST" skipped="0">
  <testcase classname="PopularPageTest" name="testPopularPageUi" time="16.262"/>
</testsuite> <!-- PopularPageTest -->
