<?xml version="1.0" encoding="UTF-8"?>
<!-- Generated by org.testng.reporters.JUnitReportReporter -->
<testsuite hostname="DESKTOP-BSOHSUS" failures="0" tests="1" name="MovieDetailsPageTest" time="16.597" errors="0" timestamp="2024-11-12T14:15:04 IST" skipped="0">
  <testcase classname="MovieDetailsPageTest" name="testMovieDetailsPageHomeUi" time="16.597"/>
</testsuite> <!-- MovieDetailsPageTest -->
