<?xml version="1.0" encoding="UTF-8"?>
<!-- Generated by org.testng.reporters.JUnitReportReporter -->
<testsuite hostname="DESKTOP-BSOHSUS" failures="0" tests="2" name="AccountPageTest" time="21.182" errors="0" timestamp="2024-11-12T14:15:04 IST" skipped="0">
  <testcase classname="AccountPageTest" name="testaccountpageUi" time="15.640"/>
  <testcase classname="AccountPageTest" name="testLogOutFunctionality" time="5.542"/>
</testsuite> <!-- AccountPageTest -->
