<?xml version="1.0" encoding="UTF-8"?>
<!-- Generated by org.testng.reporters.JUnitReportReporter -->
<testsuite hostname="DESKTOP-BSOHSUS" failures="0" tests="2" name="SearchPageTest" time="21.502" errors="0" timestamp="2024-11-12T14:15:04 IST" skipped="0">
  <testcase classname="SearchPageTest" name="testSearchPageFunctionality" time="8.121"/>
  <testcase classname="SearchPageTest" name="testSearchFunctionalitywithFailureCase" time="13.381"/>
</testsuite> <!-- SearchPageTest -->
