<?xml version="1.0" encoding="UTF-8"?>
<!-- Generated by org.testng.reporters.JUnitReportReporter -->
<testsuite hostname="DESKTOP-BSOHSUS" failures="0" tests="6" name="LoginPageTest" time="31.050" errors="0" timestamp="2024-11-12T14:15:04 IST" skipped="0">
  <testcase classname="LoginPageTest" name="testLoginPgUi" time="4.564"/>
  <testcase classname="LoginPageTest" name="testLoginPgWithEmptyInputs" time="4.194"/>
  <testcase classname="LoginPageTest" name="testLoginPgWithEmptyUserName" time="4.231"/>
  <testcase classname="LoginPageTest" name="testLoginPgWithEmptyPassword" time="4.426"/>
  <testcase classname="LoginPageTest" name="testLoginPgWithInvalidCredentials" time="10.003"/>
  <testcase classname="LoginPageTest" name="testLoginPgWithValidCredentials" time="3.632"/>
</testsuite> <!-- LoginPageTest -->
