<?xml version="1.0" encoding="UTF-8"?>
<!-- Generated by org.testng.reporters.JUnitReportReporter -->
<testsuite hostname="DESKTOP-BSOHSUS" failures="0" tests="1" name="HomePageTest" time="15.593" errors="0" timestamp="2024-11-12T14:15:04 IST" skipped="0">
  <testcase classname="HomePageTest" name="testHomepage" time="15.593"/>
</testsuite> <!-- HomePageTest -->
