<?xml version="1.0" encoding="UTF-8"?>
<!-- Generated by org.testng.reporters.JUnitReportReporter -->
<testsuite hostname="DESKTOP-BSOHSUS" failures="0" tests="2" name="HeaderPageTest" time="22.102" errors="0" timestamp="2024-11-12T14:15:04 IST" skipped="0">
  <testcase classname="HeaderPageTest" name="testHeaderSectionUi" time="7.589"/>
  <testcase classname="HeaderPageTest" name="testHeaderSectionFunctionalities" time="14.513"/>
</testsuite> <!-- HeaderPageTest -->
